生成启动时间为 2017/8/14 15:58:25。
     1>项目“E:\vc13\git\LClass\PLugIn\PlugInMain\PlugInMain\PlugInMain.vcxproj”在节点 2 上(Build 个目标)。
     1>CustomBuild:
         Moc'ing pluginmain.h...
         Uic'ing pluginmain.ui...
         Rcc'ing pluginmain.qrc...
     1>RCC : warning : No resources in 'E:\vc13\git\LClass\PLugIn\PlugInMain\PlugInMain\pluginmain.qrc'.
         
     1>C:\Program Files\MSBuild\Microsoft.Cpp\v4.0\V120\Microsoft.CppBuild.targets(935,5): warning MSB8027: Two or more files with the name of moc_pluginmain.cpp will produce outputs to the same location. This can lead to an incorrect build result.  The files involved are GeneratedFiles\Debug\moc_pluginmain.cpp, GeneratedFiles\Release\moc_pluginmain.cpp.
       ClCompile:
         E:\vs2013\VC\bin\CL.exe /c /I.\GeneratedFiles /I. /ID:\qtvs\5.6\msvc2013\include /I.\GeneratedFiles\Debug /ID:\qtvs\5.6\msvc2013\include\QtCore /ID:\qtvs\5.6\msvc2013\include\QtGui /ID:\qtvs\5.6\msvc2013\include\QtWidgets /Zi /nologo /W1 /WX- /Od /Oy- /D UNICODE /D WIN32 /D WIN64 /D QT_DLL /D QT_CORE_LIB /D QT_GUI_LIB /D QT_WIDGETS_LIB /Gm- /EHsc /MDd /GS /fp:precise /Zc:wchar_t /Zc:forScope /Fo"Debug\\" /Fd"Debug\vc120.pdb" /Gd /TP /analyze- /errorReport:prompt GeneratedFiles\Debug\moc_pluginmain.cpp main.cpp pluginmain.cpp
         moc_pluginmain.cpp
         main.cpp
         pluginmain.cpp
         Header <QtDesigner/QDesignerCustomWidgetInterface> is deprecated. Please include <QtUiPlugin/QDesignerCustomWidgetInterface> instead.
         正在生成代码...
         E:\vs2013\VC\bin\CL.exe /c /I.\GeneratedFiles /I. /ID:\qtvs\5.6\msvc2013\include /I.\GeneratedFiles\Debug /ID:\qtvs\5.6\msvc2013\include\QtCore /ID:\qtvs\5.6\msvc2013\include\QtGui /ID:\qtvs\5.6\msvc2013\include\QtWidgets /Zi /nologo /W1 /WX- /Od /Oy- /D UNICODE /D WIN32 /D WIN64 /D QT_DLL /D QT_CORE_LIB /D QT_GUI_LIB /D QT_WIDGETS_LIB /Gm- /EHsc /MDd /GS /fp:precise /Zc:wchar_t /Zc:forScope /Fo"Debug\\" /Fd"Debug\vc120.pdb" /Gd /TP /analyze- /errorReport:prompt GeneratedFiles\qrc_pluginmain.cpp
         qrc_pluginmain.cpp
       Link:
         E:\vs2013\VC\bin\link.exe /ERRORREPORT:PROMPT /OUT:"E:\vc13\git\LClass\PLugIn\PlugInMain\Win32\Debug\\PlugInMain.exe" /NOLOGO /LIBPATH:D:\qtvs\5.6\msvc2013\lib qtmaind.lib Qt5Cored.lib Qt5Guid.lib Qt5Widgetsd.lib kernel32.lib user32.lib gdi32.lib winspool.lib comdlg32.lib advapi32.lib shell32.lib ole32.lib oleaut32.lib uuid.lib odbc32.lib odbccp32.lib /MANIFEST /MANIFESTUAC:"level='asInvoker' uiAccess='false'" /manifest:embed /DEBUG /PDB:"E:\vc13\git\LClass\PLugIn\PlugInMain\Win32\Debug\PlugInMain.pdb" /SUBSYSTEM:CONSOLE /TLBID:1 /DYNAMICBASE /NXCOMPAT /IMPLIB:"E:\vc13\git\LClass\PLugIn\PlugInMain\Win32\Debug\PlugInMain.lib" /MACHINE:X86 /SAFESEH Debug\moc_pluginmain.obj
         Debug\qrc_pluginmain.obj
         Debug\main.obj
         Debug\pluginmain.obj
         PlugInMain.vcxproj -> E:\vc13\git\LClass\PLugIn\PlugInMain\Win32\Debug\PlugInMain.exe
     1>已完成生成项目“E:\vc13\git\LClass\PLugIn\PlugInMain\PlugInMain\PlugInMain.vcxproj”(Build 个目标)的操作。

生成成功。

已用时间 00:00:07.80
